<?xml version="1.0" encoding="UTF-8"?>
<!-- Generated by org.testng.reporters.JUnitXMLReporter -->
<testsuite ignored="0" hostname="PC" failures="0" tests="20" name="Test all on chrome" time="673.17" errors="0" timestamp="2023-12-03T20:23:12 WAT">
  <testcase classname="testcases.HomePageTest" name="Subscription" time="2.428"/>
  <testcase classname="testcases.HomePageTest" name="VerifyScrollUp" time="5.194"/>
  <testcase classname="testcases.SignUpPageTest" name="RegisterUser" time="44.981"/>
  <testcase classname="testcases.SignUpPageTest" name="RegisterUserWithExistingEmail" time="9.57"/>
  <testcase classname="testcases.LoginPageTest" name="testLoginWithIncorrectCredentials" time="9.133"/>
  <testcase classname="testcases.LoginPageTest" name="Logout" time="15.582"/>
  <testcase classname="testcases.LoginPageTest" name="testLoginWithCorrectCredentials" time="16.854"/>
  <testcase classname="testcases.ContactPageTest" name="ContactUs" time="18.014"/>
  <testcase classname="testcases.TestCasesPageTest" name="ClickOnTestCases" time="2.694"/>
  <testcase classname="testcases.ProductsPageTest" name="VerifyAllProducts" time="15.452"/>
  <testcase classname="testcases.ProductsPageTest" name="AddTocart" time="31.392"/>
  <testcase classname="testcases.ProductsPageTest" name="VerifyCategoryProducts" time="11.914"/>
  <testcase classname="testcases.ProductsPageTest" name="VerifyBrandProducts" time="19.421"/>
  <testcase classname="testcases.ProductsPageTest" name="AddReviewOnProduct" time="15.285"/>
  <testcase classname="testcases.SearchResultPageTest" name="SearchProduct" time="14.917"/>
  <testcase classname="testcases.OrderPageTest" name="VerifySubscription" time="3.621"/>
  <testcase classname="testcases.OrderPageTest" name="VerifyProductQte" time="6.527"/>
  <testcase classname="testcases.OrderPageTest" name="RemoveProduct" time="31.03"/>
  <testcase classname="testcases.ShippingPageTest" name="VerifyDeliveryAdress" time="58.448"/>
  <testcase classname="testcases.EndToEndTest" name="endToEndTest" time="78.846"/>
</testsuite> <!-- Test all on chrome -->
